<?xml version="1.0" encoding="UTF-8"?>
<!-- Generated by org.testng.reporters.JUnitReportReporter -->
<testsuite skipped="0" hostname="Mahesh-PC" name="com.test.application.CaptureData2" tests="1" failures="0" timestamp="2020-08-07T15:58:09 IST" time="0.136" errors="0">
  <testcase name="f1" time="0.136" classname="com.test.application.CaptureData2"/>
  <system-out/>
</testsuite> <!-- com.test.application.CaptureData2 -->
