<?xml version="1.0" encoding="UTF-8"?>
<!-- Generated by org.testng.reporters.JUnitReportReporter -->
<<<<<<< HEAD
<testsuite skipped="0" hostname="Mahesh-PC" name="com.test.application.CaptureData" tests="1" failures="0" timestamp="2020-08-07T10:45:00 IST" time="0.070" errors="0">
  <testcase name="f1" time="0.070" classname="com.test.application.CaptureData"/>
  <system-out/>
</testsuite> <!-- com.test.application.CaptureData -->
=======
<testsuite skipped="0" hostname="Mahesh-PC" name="com.test.application.CaptureData" tests="1" failures="0" timestamp="2020-08-07T14:14:38 IST" time="0.389" errors="0">
  <testcase name="f1" time="0.389" classname="com.test.application.CaptureData"/>
  <system-out/>
</testsuite> <!-- com.test.application.CaptureData -->
>>>>>>> branch 'master' of https://github.com/Parth23571/AugE2E2020R
