<?xml version="1.0" encoding="UTF-8"?>
<!-- Generated by org.testng.reporters.JUnitReportReporter -->
<testsuite skipped="0" hostname="Mahesh-PC" name="com.test.application.CaptureData" tests="1" failures="0" timestamp="2020-08-07T14:14:38 IST" time="0.389" errors="0">
  <testcase name="f1" time="0.389" classname="com.test.application.CaptureData"/>
  <system-out/>
</testsuite> <!-- com.test.application.CaptureData -->
