<?xml version="1.0" encoding="UTF-8"?>
<!-- Generated by org.testng.reporters.JUnitReportReporter -->
<<<<<<< HEAD
<testsuite skipped="0" hostname="Mahesh-PC" name="com.test.application.LaunchApp" tests="1" failures="0" timestamp="2020-08-07T10:45:00 IST" time="5.802" errors="0">
  <testcase name="f" time="5.802" classname="com.test.application.LaunchApp"/>
  <system-out/>
</testsuite> <!-- com.test.application.LaunchApp -->
=======
<testsuite skipped="0" hostname="Mahesh-PC" name="com.test.application.LaunchApp" tests="1" failures="0" timestamp="2020-08-07T14:14:38 IST" time="7.265" errors="0">
  <testcase name="f" time="7.265" classname="com.test.application.LaunchApp"/>
  <system-out/>
</testsuite> <!-- com.test.application.LaunchApp -->
>>>>>>> branch 'master' of https://github.com/Parth23571/AugE2E2020R
