<?xml version="1.0" encoding="UTF-8"?>
<!-- Generated by org.testng.reporters.JUnitReportReporter -->
<testsuite skipped="0" hostname="Mahesh-PC" name="com.test.application.LaunchApp" tests="1" failures="0" timestamp="2020-08-07T09:43:14 IST" time="5.837" errors="0">
  <testcase name="f" time="5.837" classname="com.test.application.LaunchApp"/>
  <system-out/>
</testsuite> <!-- com.test.application.LaunchApp -->
